<?xml version="1.0" encoding="UTF-8"?>
<!-- Generated by org.testng.reporters.JUnitXMLReporter -->
<testsuite ignored="0" hostname="Kajal" failures="1" tests="2" name="BankingApp.test" time="15.76" errors="0" timestamp="2024-01-31T19:26:06 IST">
  <testcase classname="com.inetBanking.testCases.TC_LoginTest_001" name="loginTest" time="2.497"/>
  <testcase classname="com.inetBanking.testCases.TC_LoginDDT_002" name="loginDDT" time="0.0">
    <failure type="java.lang.RuntimeException" message="java.lang.NoClassDefFoundError: org/apache/logging/log4j/util/Lazy">
      <![CDATA[java.lang.RuntimeException: java.lang.NoClassDefFoundError: org/apache/logging/log4j/util/Lazy
at java.base/java.util.ArrayList.forEach(ArrayList.java:1511)
Caused by: java.lang.NoClassDefFoundError: org/apache/logging/log4j/util/Lazy
at org.apache.logging.log4j.core.selector.ClassLoaderContextSelector.<init>(ClassLoaderContextSelector.java:55)
at org.apache.logging.log4j.core.impl.Log4jContextFactory.createContextSelector(Log4jContextFactory.java:108)
at org.apache.logging.log4j.core.impl.Log4jContextFactory.<init>(Log4jContextFactory.java:60)
at java.base/java.lang.Class.newInstance(Class.java:677)
at org.apache.logging.log4j.LogManager.<clinit>(LogManager.java:95)
at org.apache.poi.ooxml.POIXMLDocumentPart.<clinit>(POIXMLDocumentPart.java:56)
at com.inetBanking.utilities.XLUtils.getRowCount(XLUtils.java:29)
at com.inetBanking.testCases.TC_LoginDDT_002.getData(TC_LoginDDT_002.java:66)
... 25 more
Caused by: java.lang.ClassNotFoundException: org.apache.logging.log4j.util.Lazy
at java.base/jdk.internal.loader.BuiltinClassLoader.loadClass(BuiltinClassLoader.java:641)
at java.base/jdk.internal.loader.ClassLoaders$AppClassLoader.loadClass(ClassLoaders.java:188)
at java.base/java.lang.ClassLoader.loadClass(ClassLoader.java:521)
... 42 more
... Removed 34 stack frames]]>
    </failure>
  </testcase> <!-- loginDDT -->
</testsuite> <!-- BankingApp.test -->
